 Data Set Title:
 
  Static Analysis                                                               
  
 
                 Maximum displacement error =
 
                 Convergence was achieved in
 
                   Residual error less than
 
 INITIAL CONDITIONS
 
                           Rectangular Coordinates
                      (Center of Mass or FLEX_BODY LBRF)
 
   Body Type       ID          X                     Y                     Z
       PART/         1             0.0000000000000E+00             0.0000000000000E+00             0.0000000000000E+00
       PART/         3             0.0000000000000E+00             0.7000000000000E+00             0.0000000000000E+00
       PART/         4             0.2337651352000E+00             0.2912357922000E+00            -0.1900000000000E+00
       PART/         5             0.2610743120000E+00             0.6360726129000E+00            -0.1900000000000E+00
       PART/         6             0.2337651352000E+00             0.2912357922000E+00             0.1900000000000E+00
       PART/         7             0.2610743120000E+00             0.6360726129000E+00             0.1900000000000E+00
       PART/         8            -0.6162348648000E+00             0.2912357922000E+00            -0.1900000000000E+00
       PART/         9            -0.5889256882000E+00             0.6360726129000E+00            -0.1900000000000E+00
       PART/        10            -0.6162348648000E+00             0.2912357922000E+00             0.1900000000000E+00
       PART/        11            -0.5889256882000E+00             0.6360726129000E+00             0.1900000000000E+00
       PART/        12             0.4250000000000E+00             0.8000000000000E+00            -0.1900000000000E+00
       PART/        13             0.4250000000000E+00             0.8000000000000E+00             0.1900000000000E+00
       PART/        14            -0.4250000000000E+00             0.8000000000000E+00            -0.1900000000000E+00
       PART/        15            -0.4250000000000E+00             0.8000000000000E+00             0.1900000000000E+00
 
 
                         Angular Coordinates (Degrees)
                      (Center of Mass or FLEX_BODY LBRF)
 
   Body Type       ID         Psi                  Theta                  Phi
       PART/         1             0.0000000000000E+00             0.0000000000000E+00             0.0000000000000E+00
       PART/         3             0.0000000000000E+00             0.0000000000000E+00             0.0000000000000E+00
       PART/         4             0.2385416011098E-14             0.2385416011098E-14             0.0000000000000E+00
       PART/         5             0.2385416011098E-14             0.2385416011098E-14             0.0000000000000E+00
       PART/         6             0.2385416011098E-14             0.2385416011098E-14             0.0000000000000E+00
       PART/         7             0.2385416011098E-14             0.2385416011098E-14             0.0000000000000E+00
       PART/         8             0.2385416011098E-14             0.2385416011098E-14             0.0000000000000E+00
       PART/         9             0.2385416011098E-14             0.2385416011098E-14             0.0000000000000E+00
       PART/        10             0.2385416011098E-14             0.2385416011098E-14             0.0000000000000E+00
       PART/        11             0.2385416011098E-14             0.2385416011098E-14             0.0000000000000E+00
       PART/        12             0.2385416011098E-14             0.2385416011098E-14             0.0000000000000E+00
       PART/        13             0.2385416011098E-14             0.2385416011098E-14             0.0000000000000E+00
       PART/        14             0.2385416011098E-14             0.2385416011098E-14             0.0000000000000E+00
       PART/        15             0.2385416011098E-14             0.2385416011098E-14             0.0000000000000E+00
 
 
                              Velocity Solution
 
                           Rectangular Coordinates
                      (Center of Mass or FLEX_BODY LBRF)
 
   Body Type       ID         Xdot                  Ydot                  Zdot
       PART/         1             0.0000000000000E+00             0.0000000000000E+00             0.0000000000000E+00
       PART/         3             0.0000000000000E+00             0.0000000000000E+00             0.0000000000000E+00
       PART/         4             0.0000000000000E+00             0.0000000000000E+00             0.0000000000000E+00
       PART/         5             0.0000000000000E+00             0.0000000000000E+00             0.0000000000000E+00
       PART/         6             0.0000000000000E+00             0.0000000000000E+00             0.0000000000000E+00
       PART/         7             0.0000000000000E+00             0.0000000000000E+00             0.0000000000000E+00
       PART/         8             0.0000000000000E+00             0.0000000000000E+00             0.0000000000000E+00
       PART/         9             0.0000000000000E+00             0.0000000000000E+00             0.0000000000000E+00
       PART/        10             0.0000000000000E+00             0.0000000000000E+00             0.0000000000000E+00
       PART/        11             0.0000000000000E+00             0.0000000000000E+00             0.0000000000000E+00
       PART/        12             0.0000000000000E+00             0.0000000000000E+00             0.0000000000000E+00
       PART/        13             0.0000000000000E+00             0.0000000000000E+00             0.0000000000000E+00
       PART/        14             0.0000000000000E+00             0.0000000000000E+00             0.0000000000000E+00
       PART/        15             0.0000000000000E+00             0.0000000000000E+00             0.0000000000000E+00
 
 
                          Angular Coordinates (Rad/Time)
                      (Center of Mass or FLEX_BODY LBRF)
 
   Body Type       ID         Wx                   Wy                   Wz
       PART/         1             0.0000000000000E+00             0.0000000000000E+00             0.0000000000000E+00
       PART/         3             0.0000000000000E+00             0.0000000000000E+00             0.0000000000000E+00
       PART/         4             0.0000000000000E+00             0.0000000000000E+00             0.0000000000000E+00
       PART/         5             0.0000000000000E+00             0.0000000000000E+00             0.0000000000000E+00
       PART/         6             0.0000000000000E+00             0.0000000000000E+00             0.0000000000000E+00
       PART/         7             0.0000000000000E+00             0.0000000000000E+00             0.0000000000000E+00
       PART/         8             0.0000000000000E+00             0.0000000000000E+00             0.0000000000000E+00
       PART/         9             0.0000000000000E+00             0.0000000000000E+00             0.0000000000000E+00
       PART/        10             0.0000000000000E+00             0.0000000000000E+00             0.0000000000000E+00
       PART/        11             0.0000000000000E+00             0.0000000000000E+00             0.0000000000000E+00
       PART/        12             0.0000000000000E+00             0.0000000000000E+00             0.0000000000000E+00
       PART/        13             0.0000000000000E+00             0.0000000000000E+00             0.0000000000000E+00
       PART/        14             0.0000000000000E+00             0.0000000000000E+00             0.0000000000000E+00
       PART/        15             0.0000000000000E+00             0.0000000000000E+00             0.0000000000000E+00
 
